<?xml version="1.0" encoding="utf-8"?>
<!DOCTYPE coverage SYSTEM "http://cobertura.sourceforge.net/xml/coverage-04.dtd">
<coverage line-rate="0.1511744127936032" branch-rate="0.08043981481481481" lines-covered="605" lines-valid="4002" branches-covered="139" branches-valid="1728" complexity="1875" version="0" timestamp="1768995292">
  <sources />
  <packages>
    <package name="BiatecTokensApi" line-rate="0.1511744127936032" branch-rate="0.08043981481481481" complexity="1875">
      <classes>
        <class name="BiatecTokensApi.Configuration.EVMBlockchainConfig" filename="/home/runner/work/BiatecTokensApi/BiatecTokensApi/BiatecTokensApi/Configuration/EVMBlockchainConfig.cs" line-rate="1" branch-rate="1" complexity="NaN">
          <methods>
            <method name="RpcUrl" signature="()" line-rate="1" branch-rate="1" complexity="NaN">
              <lines>
                <line number="15" hits="25" branch="false" />
              </lines>
            </method>
            <method name="ChainId" signature="()" line-rate="1" branch-rate="1" complexity="NaN">
              <lines>
                <line number="20" hits="28" branch="false" />
              </lines>
            </method>
            <method name="GasLimit" signature="()" line-rate="1" branch-rate="1" complexity="NaN">
              <lines>
                <line number="25" hits="50" branch="false" />
              </lines>
            </method>
          </methods>
          <lines>
            <line number="15" hits="25" branch="false" />
            <line number="20" hits="28" branch="false" />
            <line number="25" hits="50" branch="false" />
          </lines>
        </class>
        <class name="BiatecTokensApi.Configuration.EVMChains" filename="/home/runner/work/BiatecTokensApi/BiatecTokensApi/BiatecTokensApi/Configuration/EVMChains.cs" line-rate="1" branch-rate="1" complexity="NaN">
          <methods>
            <method name="Chains" signature="()" line-rate="1" branch-rate="1" complexity="NaN">
              <lines>
                <line number="14" hits="52" branch="false" />
              </lines>
            </method>
          </methods>
          <lines>
            <line number="14" hits="52" branch="false" />
          </lines>
        </class>
        <class name="BiatecTokensApi.Configuration.IPFSConfig" filename="/home/runner/work/BiatecTokensApi/BiatecTokensApi/BiatecTokensApi/Configuration/IPFSConfig.cs" line-rate="1" branch-rate="1" complexity="NaN">
          <methods>
            <method name="ApiUrl" signature="()" line-rate="1" branch-rate="1" complexity="NaN">
              <lines>
                <line number="11" hits="42" branch="false" />
              </lines>
            </method>
            <method name="GatewayUrl" signature="()" line-rate="1" branch-rate="1" complexity="NaN">
              <lines>
                <line number="16" hits="47" branch="false" />
              </lines>
            </method>
            <method name="Username" signature="()" line-rate="1" branch-rate="1" complexity="NaN">
              <lines>
                <line number="21" hits="51" branch="false" />
              </lines>
            </method>
            <method name="Password" signature="()" line-rate="1" branch-rate="1" complexity="NaN">
              <lines>
                <line number="26" hits="49" branch="false" />
              </lines>
            </method>
            <method name="TimeoutSeconds" signature="()" line-rate="1" branch-rate="1" complexity="NaN">
              <lines>
                <line number="31" hits="52" branch="false" />
              </lines>
            </method>
            <method name="MaxFileSizeBytes" signature="()" line-rate="1" branch-rate="1" complexity="NaN">
              <lines>
                <line number="36" hits="43" branch="false" />
              </lines>
            </method>
            <method name="ValidateContentHash" signature="()" line-rate="1" branch-rate="1" complexity="NaN">
              <lines>
                <line number="41" hits="38" branch="false" />
              </lines>
            </method>
          </methods>
          <lines>
            <line number="11" hits="42" branch="false" />
            <line number="16" hits="47" branch="false" />
            <line number="21" hits="51" branch="false" />
            <line number="26" hits="49" branch="false" />
            <line number="31" hits="52" branch="false" />
            <line number="36" hits="43" branch="false" />
            <line number="41" hits="38" branch="false" />
          </lines>
        </class>
        <class name="BiatecTokensApi.Controllers.TokenController" filename="/home/runner/work/BiatecTokensApi/BiatecTokensApi/BiatecTokensApi/Controllers/TokenController.cs" line-rate="0.3392857142857143" branch-rate="0.2727272727272727" complexity="45">
          <methods>
            <method name=".ctor" signature="(BiatecTokensApi.Services.Interface.IERC20TokenService,BiatecTokensApi.Services.Interface.IARC3TokenService,BiatecTokensApi.Services.Interface.IASATokenService,BiatecTokensApi.Services.Interface.IARC200TokenService,BiatecTokensApi.Services.Interface.IARC1400TokenService,Microsoft.Extensions.Logging.ILogger`1&lt;BiatecTokensApi.Controllers.TokenController&gt;)" line-rate="1" branch-rate="1" complexity="1">
              <lines>
                <line number="45" hits="12" branch="false" />
                <line number="46" hits="12" branch="false" />
                <line number="47" hits="12" branch="false" />
                <line number="48" hits="12" branch="false" />
                <line number="49" hits="12" branch="false" />
                <line number="50" hits="12" branch="false" />
                <line number="51" hits="12" branch="false" />
                <line number="52" hits="12" branch="false" />
                <line number="53" hits="12" branch="false" />
                <line number="54" hits="12" branch="false" />
                <line number="55" hits="12" branch="false" />
                <line number="56" hits="12" branch="false" />
                <line number="57" hits="12" branch="false" />
                <line number="58" hits="12" branch="false" />
                <line number="59" hits="12" branch="false" />
              </lines>
            </method>
            <method name="ARC1400MintableTokenDeploymentRequest" signature="()" line-rate="0.2631578947368421" branch-rate="0.25" complexity="4">
              <lines>
                <line number="533" hits="1" branch="false" />
                <line number="534" hits="1" branch="true" condition-coverage="50% (1/2)" />
                <line number="535" hits="1" branch="false" />
                <line number="536" hits="1" branch="false" />
                <line number="540" hits="0" branch="false" />
                <line number="541" hits="0" branch="false" />
                <line number="543" hits="0" branch="true" condition-coverage="0% (0/2)" />
                <line number="544" hits="0" branch="false" />
                <line number="545" hits="0" branch="false" />
                <line number="546" hits="0" branch="false" />
                <line number="547" hits="0" branch="false" />
                <line number="550" hits="0" branch="false" />
                <line number="551" hits="0" branch="false" />
                <line number="552" hits="0" branch="false" />
                <line number="555" hits="0" branch="false" />
                <line number="556" hits="0" branch="false" />
                <line number="557" hits="0" branch="false" />
                <line number="558" hits="0" branch="false" />
                <line number="560" hits="1" branch="false" />
              </lines>
            </method>
            <method name="ARC200MintableTokenDeploymentRequest" signature="()" line-rate="0.2631578947368421" branch-rate="0.25" complexity="4">
              <lines>
                <line number="443" hits="1" branch="false" />
                <line number="444" hits="1" branch="true" condition-coverage="50% (1/2)" />
                <line number="445" hits="1" branch="false" />
                <line number="446" hits="1" branch="false" />
                <line number="450" hits="0" branch="false" />
                <line number="451" hits="0" branch="false" />
                <line number="453" hits="0" branch="true" condition-coverage="0% (0/2)" />
                <line number="454" hits="0" branch="false" />
                <line number="455" hits="0" branch="false" />
                <line number="456" hits="0" branch="false" />
                <line number="457" hits="0" branch="false" />
                <line number="460" hits="0" branch="false" />
                <line number="461" hits="0" branch="false" />
                <line number="462" hits="0" branch="false" />
                <line number="465" hits="0" branch="false" />
                <line number="466" hits="0" branch="false" />
                <line number="467" hits="0" branch="false" />
                <line number="468" hits="0" branch="false" />
                <line number="470" hits="1" branch="false" />
              </lines>
            </method>
            <method name="CreateARC200Preminted" signature="()" line-rate="0.2631578947368421" branch-rate="0.25" complexity="4">
              <lines>
                <line number="488" hits="1" branch="false" />
                <line number="489" hits="1" branch="true" condition-coverage="50% (1/2)" />
                <line number="490" hits="1" branch="false" />
                <line number="491" hits="1" branch="false" />
                <line number="495" hits="0" branch="false" />
                <line number="496" hits="0" branch="false" />
                <line number="498" hits="0" branch="true" condition-coverage="0% (0/2)" />
                <line number="499" hits="0" branch="false" />
                <line number="500" hits="0" branch="false" />
                <line number="501" hits="0" branch="false" />
                <line number="502" hits="0" branch="false" />
                <line number="505" hits="0" branch="false" />
                <line number="506" hits="0" branch="false" />
                <line number="507" hits="0" branch="false" />
                <line number="510" hits="0" branch="false" />
                <line number="511" hits="0" branch="false" />
                <line number="512" hits="0" branch="false" />
                <line number="513" hits="0" branch="false" />
                <line number="515" hits="1" branch="false" />
              </lines>
            </method>
            <method name="CreateARC3FractionalNFT" signature="()" line-rate="0.2631578947368421" branch-rate="0.25" complexity="4">
              <lines>
                <line number="398" hits="1" branch="false" />
                <line number="399" hits="1" branch="true" condition-coverage="50% (1/2)" />
                <line number="400" hits="1" branch="false" />
                <line number="401" hits="1" branch="false" />
                <line number="405" hits="0" branch="false" />
                <line number="406" hits="0" branch="false" />
                <line number="408" hits="0" branch="true" condition-coverage="0% (0/2)" />
                <line number="409" hits="0" branch="false" />
                <line number="410" hits="0" branch="false" />
                <line number="411" hits="0" branch="false" />
                <line number="412" hits="0" branch="false" />
                <line number="415" hits="0" branch="false" />
                <line number="416" hits="0" branch="false" />
                <line number="417" hits="0" branch="false" />
                <line number="420" hits="0" branch="false" />
                <line number="421" hits="0" branch="false" />
                <line number="422" hits="0" branch="false" />
                <line number="423" hits="0" branch="false" />
                <line number="425" hits="1" branch="false" />
              </lines>
            </method>
            <method name="CreateARC3FungibleToken" signature="()" line-rate="0.2631578947368421" branch-rate="0.25" complexity="4">
              <lines>
                <line number="305" hits="1" branch="false" />
                <line number="306" hits="1" branch="true" condition-coverage="50% (1/2)" />
                <line number="307" hits="1" branch="false" />
                <line number="308" hits="1" branch="false" />
                <line number="312" hits="0" branch="false" />
                <line number="313" hits="0" branch="false" />
                <line number="315" hits="0" branch="true" condition-coverage="0% (0/2)" />
                <line number="316" hits="0" branch="false" />
                <line number="317" hits="0" branch="false" />
                <line number="318" hits="0" branch="false" />
                <line number="319" hits="0" branch="false" />
                <line number="322" hits="0" branch="false" />
                <line number="323" hits="0" branch="false" />
                <line number="324" hits="0" branch="false" />
                <line number="327" hits="0" branch="false" />
                <line number="328" hits="0" branch="false" />
                <line number="329" hits="0" branch="false" />
                <line number="330" hits="0" branch="false" />
                <line number="332" hits="1" branch="false" />
              </lines>
            </method>
            <method name="CreateARC3NFT" signature="()" line-rate="0.2631578947368421" branch-rate="0.25" complexity="4">
              <lines>
                <line number="352" hits="1" branch="false" />
                <line number="353" hits="1" branch="true" condition-coverage="50% (1/2)" />
                <line number="354" hits="1" branch="false" />
                <line number="355" hits="1" branch="false" />
                <line number="359" hits="0" branch="false" />
                <line number="360" hits="0" branch="false" />
                <line number="362" hits="0" branch="true" condition-coverage="0% (0/2)" />
                <line number="363" hits="0" branch="false" />
                <line number="364" hits="0" branch="false" />
                <line number="365" hits="0" branch="false" />
                <line number="366" hits="0" branch="false" />
                <line number="369" hits="0" branch="false" />
                <line number="370" hits="0" branch="false" />
                <line number="371" hits="0" branch="false" />
                <line number="374" hits="0" branch="false" />
                <line number="375" hits="0" branch="false" />
                <line number="376" hits="0" branch="false" />
                <line number="377" hits="0" branch="false" />
                <line number="379" hits="1" branch="false" />
              </lines>
            </method>
            <method name="CreateASAFNFT" signature="()" line-rate="0.2631578947368421" branch-rate="0.25" complexity="4">
              <lines>
                <line number="261" hits="1" branch="false" />
                <line number="262" hits="1" branch="true" condition-coverage="50% (1/2)" />
                <line number="263" hits="1" branch="false" />
                <line number="264" hits="1" branch="false" />
                <line number="268" hits="0" branch="false" />
                <line number="269" hits="0" branch="false" />
                <line number="271" hits="0" branch="true" condition-coverage="0% (0/2)" />
                <line number="272" hits="0" branch="false" />
                <line number="273" hits="0" branch="false" />
                <line number="274" hits="0" branch="false" />
                <line number="275" hits="0" branch="false" />
                <line number="278" hits="0" branch="false" />
                <line number="279" hits="0" branch="false" />
                <line number="280" hits="0" branch="false" />
                <line number="283" hits="0" branch="false" />
                <line number="284" hits="0" branch="false" />
                <line number="285" hits="0" branch="false" />
                <line number="286" hits="0" branch="false" />
                <line number="288" hits="1" branch="false" />
              </lines>
            </method>
            <method name="CreateASANFT" signature="()" line-rate="0.2631578947368421" branch-rate="0.25" complexity="4">
              <lines>
                <line number="214" hits="1" branch="false" />
                <line number="215" hits="1" branch="true" condition-coverage="50% (1/2)" />
                <line number="216" hits="1" branch="false" />
                <line number="217" hits="1" branch="false" />
                <line number="221" hits="0" branch="false" />
                <line number="222" hits="0" branch="false" />
                <line number="224" hits="0" branch="true" condition-coverage="0% (0/2)" />
                <line number="225" hits="0" branch="false" />
                <line number="226" hits="0" branch="false" />
                <line number="227" hits="0" branch="false" />
                <line number="228" hits="0" branch="false" />
                <line number="231" hits="0" branch="false" />
                <line number="232" hits="0" branch="false" />
                <line number="233" hits="0" branch="false" />
                <line number="236" hits="0" branch="false" />
                <line number="237" hits="0" branch="false" />
                <line number="238" hits="0" branch="false" />
                <line number="239" hits="0" branch="false" />
                <line number="241" hits="1" branch="false" />
              </lines>
            </method>
            <method name="CreateASAToken" signature="()" line-rate="0.2631578947368421" branch-rate="0.25" complexity="4">
              <lines>
                <line number="169" hits="1" branch="false" />
                <line number="170" hits="1" branch="true" condition-coverage="50% (1/2)" />
                <line number="171" hits="1" branch="false" />
                <line number="172" hits="1" branch="false" />
                <line number="176" hits="0" branch="false" />
                <line number="177" hits="0" branch="false" />
                <line number="179" hits="0" branch="true" condition-coverage="0% (0/2)" />
                <line number="180" hits="0" branch="false" />
                <line number="181" hits="0" branch="false" />
                <line number="182" hits="0" branch="false" />
                <line number="183" hits="0" branch="false" />
                <line number="186" hits="0" branch="false" />
                <line number="187" hits="0" branch="false" />
                <line number="188" hits="0" branch="false" />
                <line number="191" hits="0" branch="false" />
                <line number="192" hits="0" branch="false" />
                <line number="193" hits="0" branch="false" />
                <line number="194" hits="0" branch="false" />
                <line number="196" hits="1" branch="false" />
              </lines>
            </method>
            <method name="ERC20MintableTokenCreate" signature="()" line-rate="0.5789473684210527" branch-rate="0.5" complexity="4">
              <lines>
                <line number="78" hits="2" branch="false" />
                <line number="79" hits="2" branch="true" condition-coverage="100% (2/2)" />
                <line number="80" hits="1" branch="false" />
                <line number="81" hits="1" branch="false" />
                <line number="85" hits="1" branch="false" />
                <line number="86" hits="1" branch="false" />
                <line number="88" hits="0" branch="true" condition-coverage="0% (0/2)" />
                <line number="89" hits="0" branch="false" />
                <line number="90" hits="0" branch="false" />
                <line number="91" hits="0" branch="false" />
                <line number="92" hits="0" branch="false" />
                <line number="95" hits="0" branch="false" />
                <line number="96" hits="0" branch="false" />
                <line number="97" hits="0" branch="false" />
                <line number="100" hits="1" branch="false" />
                <line number="101" hits="1" branch="false" />
                <line number="102" hits="1" branch="false" />
                <line number="103" hits="1" branch="false" />
                <line number="105" hits="2" branch="false" />
              </lines>
            </method>
            <method name="ERC20PremnitedTokenCreate" signature="()" line-rate="0.2631578947368421" branch-rate="0.25" complexity="4">
              <lines>
                <line number="123" hits="1" branch="false" />
                <line number="124" hits="1" branch="true" condition-coverage="50% (1/2)" />
                <line number="125" hits="1" branch="false" />
                <line number="126" hits="1" branch="false" />
                <line number="130" hits="0" branch="false" />
                <line number="131" hits="0" branch="false" />
                <line number="133" hits="0" branch="true" condition-coverage="0% (0/2)" />
                <line number="134" hits="0" branch="false" />
                <line number="135" hits="0" branch="false" />
                <line number="136" hits="0" branch="false" />
                <line number="137" hits="0" branch="false" />
                <line number="140" hits="0" branch="false" />
                <line number="141" hits="0" branch="false" />
                <line number="142" hits="0" branch="false" />
                <line number="145" hits="0" branch="false" />
                <line number="146" hits="0" branch="false" />
                <line number="147" hits="0" branch="false" />
                <line number="148" hits="0" branch="false" />
                <line number="150" hits="1" branch="false" />
              </lines>
            </method>
          </methods>
          <lines>
            <line number="45" hits="12" branch="false" />
            <line number="46" hits="12" branch="false" />
            <line number="47" hits="12" branch="false" />
            <line number="48" hits="12" branch="false" />
            <line number="49" hits="12" branch="false" />
            <line number="50" hits="12" branch="false" />
            <line number="51" hits="12" branch="false" />
            <line number="52" hits="12" branch="false" />
            <line number="53" hits="12" branch="false" />
            <line number="54" hits="12" branch="false" />
            <line number="55" hits="12" branch="false" />
            <line number="56" hits="12" branch="false" />
            <line number="57" hits="12" branch="false" />
            <line number="58" hits="12" branch="false" />
            <line number="59" hits="12" branch="false" />
            <line number="78" hits="2" branch="false" />
            <line number="79" hits="2" branch="true" condition-coverage="100% (2/2)" />
            <line number="80" hits="1" branch="false" />
            <line number="81" hits="1" branch="false" />
            <line number="85" hits="1" branch="false" />
            <line number="86" hits="1" branch="false" />
            <line number="88" hits="0" branch="true" condition-coverage="0% (0/2)" />
            <line number="89" hits="0" branch="false" />
            <line number="90" hits="0" branch="false" />
            <line number="91" hits="0" branch="false" />
            <line number="92" hits="0" branch="false" />
            <line number="95" hits="0" branch="false" />
            <line number="96" hits="0" branch="false" />
            <line number="97" hits="0" branch="false" />
            <line number="100" hits="1" branch="false" />
            <line number="101" hits="1" branch="false" />
            <line number="102" hits="1" branch="false" />
            <line number="103" hits="1" branch="false" />
            <line number="105" hits="2" branch="false" />
            <line number="123" hits="1" branch="false" />
            <line number="124" hits="1" branch="true" condition-coverage="50% (1/2)" />
            <line number="125" hits="1" branch="false" />
            <line number="126" hits="1" branch="false" />
            <line number="130" hits="0" branch="false" />
            <line number="131" hits="0" branch="false" />
            <line number="133" hits="0" branch="true" condition-coverage="0% (0/2)" />
            <line number="134" hits="0" branch="false" />
            <line number="135" hits="0" branch="false" />
            <line number="136" hits="0" branch="false" />
            <line number="137" hits="0" branch="false" />
            <line number="140" hits="0" branch="false" />
            <line number="141" hits="0" branch="false" />
            <line number="142" hits="0" branch="false" />
            <line number="145" hits="0" branch="false" />
            <line number="146" hits="0" branch="false" />
            <line number="147" hits="0" branch="false" />
            <line number="148" hits="0" branch="false" />
            <line number="150" hits="1" branch="false" />
            <line number="169" hits="1" branch="false" />
            <line number="170" hits="1" branch="true" condition-coverage="50% (1/2)" />
            <line number="171" hits="1" branch="false" />
            <line number="172" hits="1" branch="false" />
            <line number="176" hits="0" branch="false" />
            <line number="177" hits="0" branch="false" />
            <line number="179" hits="0" branch="true" condition-coverage="0% (0/2)" />
            <line number="180" hits="0" branch="false" />
            <line number="181" hits="0" branch="false" />
            <line number="182" hits="0" branch="false" />
            <line number="183" hits="0" branch="false" />
            <line number="186" hits="0" branch="false" />
            <line number="187" hits="0" branch="false" />
            <line number="188" hits="0" branch="false" />
            <line number="191" hits="0" branch="false" />
            <line number="192" hits="0" branch="false" />
            <line number="193" hits="0" branch="false" />
            <line number="194" hits="0" branch="false" />
            <line number="196" hits="1" branch="false" />
            <line number="214" hits="1" branch="false" />
            <line number="215" hits="1" branch="true" condition-coverage="50% (1/2)" />
            <line number="216" hits="1" branch="false" />
            <line number="217" hits="1" branch="false" />
            <line number="221" hits="0" branch="false" />
            <line number="222" hits="0" branch="false" />
            <line number="224" hits="0" branch="true" condition-coverage="0% (0/2)" />
            <line number="225" hits="0" branch="false" />
            <line number="226" hits="0" branch="false" />
            <line number="227" hits="0" branch="false" />
            <line number="228" hits="0" branch="false" />
            <line number="231" hits="0" branch="false" />
            <line number="232" hits="0" branch="false" />
            <line number="233" hits="0" branch="false" />
            <line number="236" hits="0" branch="false" />
            <line number="237" hits="0" branch="false" />
            <line number="238" hits="0" branch="false" />
            <line number="239" hits="0" branch="false" />
            <line number="241" hits="1" branch="false" />
            <line number="261" hits="1" branch="false" />
            <line number="262" hits="1" branch="true" condition-coverage="50% (1/2)" />
            <line number="263" hits="1" branch="false" />
            <line number="264" hits="1" branch="false" />
            <line number="268" hits="0" branch="false" />
            <line number="269" hits="0" branch="false" />
            <line number="271" hits="0" branch="true" condition-coverage="0% (0/2)" />
            <line number="272" hits="0" branch="false" />
            <line number="273" hits="0" branch="false" />
            <line number="274" hits="0" branch="false" />
            <line number="275" hits="0" branch="false" />
            <line number="278" hits="0" branch="false" />
            <line number="279" hits="0" branch="false" />
            <line number="280" hits="0" branch="false" />
            <line number="283" hits="0" branch="false" />
            <line number="284" hits="0" branch="false" />
            <line number="285" hits="0" branch="false" />
            <line number="286" hits="0" branch="false" />
            <line number="288" hits="1" branch="false" />
            <line number="305" hits="1" branch="false" />
            <line number="306" hits="1" branch="true" condition-coverage="50% (1/2)" />
            <line number="307" hits="1" branch="false" />
            <line number="308" hits="1" branch="false" />
            <line number="312" hits="0" branch="false" />
            <line number="313" hits="0" branch="false" />
            <line number="315" hits="0" branch="true" condition-coverage="0% (0/2)" />
            <line number="316" hits="0" branch="false" />
            <line number="317" hits="0" branch="false" />
            <line number="318" hits="0" branch="false" />
            <line number="319" hits="0" branch="false" />
            <line number="322" hits="0" branch="false" />
            <line number="323" hits="0" branch="false" />
            <line number="324" hits="0" branch="false" />
            <line number="327" hits="0" branch="false" />
            <line number="328" hits="0" branch="false" />
            <line number="329" hits="0" branch="false" />
            <line number="330" hits="0" branch="false" />
            <line number="332" hits="1" branch="false" />
            <line number="352" hits="1" branch="false" />
            <line number="353" hits="1" branch="true" condition-coverage="50% (1/2)" />
            <line number="354" hits="1" branch="false" />
            <line number="355" hits="1" branch="false" />
            <line number="359" hits="0" branch="false" />
            <line number="360" hits="0" branch="false" />
            <line number="362" hits="0" branch="true" condition-coverage="0% (0/2)" />
            <line number="363" hits="0" branch="false" />
            <line number="364" hits="0" branch="false" />
            <line number="365" hits="0" branch="false" />
            <line number="366" hits="0" branch="false" />
            <line number="369" hits="0" branch="false" />
            <line number="370" hits="0" branch="false" />
            <line number="371" hits="0" branch="false" />
            <line number="374" hits="0" branch="false" />
            <line number="375" hits="0" branch="false" />
            <line number="376" hits="0" branch="false" />
            <line number="377" hits="0" branch="false" />
            <line number="379" hits="1" branch="false" />
            <line number="398" hits="1" branch="false" />
            <line number="399" hits="1" branch="true" condition-coverage="50% (1/2)" />
            <line number="400" hits="1" branch="false" />
            <line number="401" hits="1" branch="false" />
            <line number="405" hits="0" branch="false" />
            <line number="406" hits="0" branch="false" />
            <line number="408" hits="0" branch="true" condition-coverage="0% (0/2)" />
            <line number="409" hits="0" branch="false" />
            <line number="410" hits="0" branch="false" />
            <line number="411" hits="0" branch="false" />
            <line number="412" hits="0" branch="false" />
            <line number="415" hits="0" branch="false" />
            <line number="416" hits="0" branch="false" />
            <line number="417" hits="0" branch="false" />
            <line number="420" hits="0" branch="false" />
            <line number="421" hits="0" branch="false" />
            <line number="422" hits="0" branch="false" />
            <line number="423" hits="0" branch="false" />
            <line number="425" hits="1" branch="false" />
            <line number="443" hits="1" branch="false" />
            <line number="444" hits="1" branch="true" condition-coverage="50% (1/2)" />
            <line number="445" hits="1" branch="false" />
            <line number="446" hits="1" branch="false" />
            <line number="450" hits="0" branch="false" />
            <line number="451" hits="0" branch="false" />
            <line number="453" hits="0" branch="true" condition-coverage="0% (0/2)" />
            <line number="454" hits="0" branch="false" />
            <line number="455" hits="0" branch="false" />
            <line number="456" hits="0" branch="false" />
            <line number="457" hits="0" branch="false" />
            <line number="460" hits="0" branch="false" />
            <line number="461" hits="0" branch="false" />
            <line number="462" hits="0" branch="false" />
            <line number="465" hits="0" branch="false" />
            <line number="466" hits="0" branch="false" />
            <line number="467" hits="0" branch="false" />
            <line number="468" hits="0" branch="false" />
            <line number="470" hits="1" branch="false" />
            <line number="488" hits="1" branch="false" />
            <line number="489" hits="1" branch="true" condition-coverage="50% (1/2)" />
            <line number="490" hits="1" branch="false" />
            <line number="491" hits="1" branch="false" />
            <line number="495" hits="0" branch="false" />
            <line number="496" hits="0" branch="false" />
            <line number="498" hits="0" branch="true" condition-coverage="0% (0/2)" />
            <line number="499" hits="0" branch="false" />
            <line number="500" hits="0" branch="false" />
            <line number="501" hits="0" branch="false" />
            <line number="502" hits="0" branch="false" />
            <line number="505" hits="0" branch="false" />
            <line number="506" hits="0" branch="false" />
            <line number="507" hits="0" branch="false" />
            <line number="510" hits="0" branch="false" />
            <line number="511" hits="0" branch="false" />
            <line number="512" hits="0" branch="false" />
            <line number="513" hits="0" branch="false" />
            <line number="515" hits="1" branch="false" />
            <line number="533" hits="1" branch="false" />
            <line number="534" hits="1" branch="true" condition-coverage="50% (1/2)" />
            <line number="535" hits="1" branch="false" />
            <line number="536" hits="1" branch="false" />
            <line number="540" hits="0" branch="false" />
            <line number="541" hits="0" branch="false" />
            <line number="543" hits="0" branch="true" condition-coverage="0% (0/2)" />
            <line number="544" hits="0" branch="false" />
            <line number="545" hits="0" branch="false" />
            <line number="546" hits="0" branch="false" />
            <line number="547" hits="0" branch="false" />
            <line number="550" hits="0" branch="false" />
            <line number="551" hits="0" branch="false" />
            <line number="552" hits="0" branch="false" />
            <line number="555" hits="0" branch="false" />
            <line number="556" hits="0" branch="false" />
            <line number="557" hits="0" branch="false" />
            <line number="558" hits="0" branch="false" />
            <line number="560" hits="1" branch="false" />
          </lines>
        </class>
        <class name="BiatecTokensApi.Generated.Arc1644Proxy" filename="/home/runner/work/BiatecTokensApi/BiatecTokensApi/BiatecTokensApi/Generated/Arc1644.cs" line-rate="0" branch-rate="0" complexity="1125">
          <methods>
            <method name="App" signature="()" line-rate="0" branch-rate="1" complexity="NaN">
              <lines>
                <line number="21" hits="0" branch="false" />
              </lines>
            </method>
            <method name="ExtraProgramPages" signature="()" line-rate="0" branch-rate="1" complexity="NaN">
              <lines>
                <line number="2866" hits="0" branch="false" />
              </lines>
            </method>
            <method name=".ctor" signature="(Algorand.Algod.DefaultApi,System.UInt64)" line-rate="0" branch-rate="0" complexity="2">
              <lines>
                <line number="23" hits="0" branch="false" />
                <line number="24" hits="0" branch="false" />
                <line number="25" hits="0" branch="true" condition-coverage="0% (0/2)" />
                <line number="27" hits="0" branch="false" />
                <line number="33" hits="0" branch="false" />
                <line number="35" hits="0" branch="false" />
                <line number="37" hits="0" branch="false" />
                <line number="40" hits="0" branch="false" />
                <line number="41" hits="0" branch="false" />
                <line number="42" hits="0" branch="false" />
                <line number="43" hits="0" branch="false" />
                <line number="44" hits="0" branch="false" />
                <line number="45" hits="0" branch="false" />
                <line number="46" hits="0" branch="false" />
                <line number="47" hits="0" branch="false" />
                <line number="48" hits="0" branch="false" />
                <line number="49" hits="0" branch="false" />
                <line number="50" hits="0" branch="false" />
                <line number="51" hits="0" branch="false" />
                <line number="52" hits="0" branch="true" condition-coverage="0% (0/2)" />
                <line number="53" hits="0" branch="false" />
                <line number="54" hits="0" branch="false" />
                <line number="55" hits="0" branch="false" />
                <line number="56" hits="0" branch="false" />
                <line number="57" hits="0" branch="false" />
                <line number="58" hits="0" branch="false" />
                <line number="59" hits="0" branch="false" />
                <line number="61" hits="0" branch="false" />
                <line number="64" hits="0" branch="false" />
                <line number="65" hits="0" branch="false" />
                <line number="66" hits="0" branch="false" />
                <line number="67" hits="0" branch="false" />
                <line number="68" hits="0" branch="true" condition-coverage="0% (0/2)" />
                <line number="69" hits="0" branch="false" />
                <line number="70" hits="0" branch="false" />
                <line number="71" hits="0" branch="true" condition-coverage="0% (0/4)" />
                <line number="72" hits="0" branch="false" />
                <line number="73" hits="0" branch="false" />
                <line number="74" hits="0" branch="false" />
                <line number="75" hits="0" branch="false" />
                <line number="76" hits="0" branch="false" />
                <line number="77" hits="0" branch="true" condition-coverage="0% (0/2)" />
                <line number="78" hits="0" branch="false" />
                <line number="79" hits="0" branch="false" />
                <line number="80" hits="0" branch="false" />
                <line number="81" hits="0" branch="true" condition-coverage="0% (0/2)" />
                <line number="82" hits="0" branch="false" />
                <line number="83" hits="0" branch="true" condition-coverage="0% (0/2)" />
                <line number="84" hits="0" branch="false" />
                <line number="85" hits="0" branch="false" />
                <line number="86" hits="0" branch="true" condition-coverage="0% (0/2)" />
                <line number="87" hits="0" branch="false" />
                <line number="88" hits="0" branch="true" condition-coverage="0% (0/2)" />
                <line number="89" hits="0" branch="false" />
                <line number="91" hits="0" branch="false" />
                <line number="94" hits="0" branch="false" />
                <line number="95" hits="0" branch="false" />
                <line number="96" hits="0" branch="false" />
                <line number="98" hits="0" branch="false" />
                <line number="99" hits="0" branch="false" />
                <line number="100" hits="0" branch="false" />
                <line number="102" hits="0" branch="false" />
                <line number="103" hits="0" branch="true" condition-coverage="0% (0/2)" />
                <line number="104" hits="0" branch="false" />
                <line number="106" hits="0" branch="false" />
                <line number="107" hits="0" branch="false" />
                <line number="108" hits="0" branch="false" />
                <line number="110" hits="0" branch="false" />
                <line number="111" hits="0" branch="false" />
                <line number="112" hits="0" branch="false" />
                <line number="114" hits="0" branch="false" />
                <line number="115" hits="0" branch="false" />
                <line number="116" hits="0" branch="false" />
                <line number="122" hits="0" branch="false" />
                <line number="124" hits="0" branch="false" />
                <line number="127" hits="0" branch="false" />
                <line number="128" hits="0" branch="false" />
                <line number="129" hits="0" branch="false" />
                <line number="130" hits="0" branch="false" />
                <line number="131" hits="0" branch="false" />
                <line number="132" hits="0" branch="false" />
                <line number="133" hits="0" branch="false" />
                <line number="134" hits="0" branch="false" />
                <line number="135" hits="0" branch="false" />
                <line number="136" hits="0" branch="true" condition-coverage="0% (0/2)" />
                <line number="137" hits="0" branch="false" />
                <line number="138" hits="0" branch="false" />
                <line number="139" hits="0" branch="false" />
                <line number="140" hits="0" branch="false" />
                <line number="141" hits="0" branch="false" />
                <line number="142" hits="0" branch="false" />
                <line number="143" hits="0" branch="false" />
                <line number="145" hits="0" branch="false" />
                <line number="148" hits="0" branch="false" />
                <line number="149" hits="0" branch="false" />
                <line number="150" hits="0" branch="false" />
                <line number="151" hits="0" branch="false" />
                <line number="152" hits="0" branch="true" condition-coverage="0% (0/2)" />
                <line number="153" hits="0" branch="false" />
                <line number="154" hits="0" branch="false" />
                <line number="155" hits="0" branch="true" condition-coverage="0% (0/4)" />
                <line number="156" hits="0" branch="false" />
                <line number="157" hits="0" branch="false" />
                <line number="158" hits="0" branch="false" />
                <line number="159" hits="0" branch="false" />
                <line number="160" hits="0" branch="false" />
                <line number="161" hits="0" branch="true" condition-coverage="0% (0/2)" />
                <line number="162" hits="0" branch="false" />
                <line number="163" hits="0" branch="true" condition-coverage="0% (0/2)" />
                <line number="164" hits="0" branch="false" />
                <line number="165" hits="0" branch="false" />
                <line number="166" hits="0" branch="true" condition-coverage="0% (0/2)" />
                <line number="167" hits="0" branch="false" />
                <line number="168" hits="0" branch="true" condition-coverage="0% (0/4)" />
                <line number="169" hits="0" branch="false" />
                <line number="171" hits="0" branch="false" />
                <line number="174" hits="0" branch="false" />
                <line number="175" hits="0" branch="false" />
                <line number="176" hits="0" branch="false" />
                <line number="178" hits="0" branch="false" />
                <line number="179" hits="0" branch="false" />
                <line number="180" hits="0" branch="false" />
                <line number="182" hits="0" branch="false" />
                <line number="183" hits="0" branch="true" condition-coverage="0% (0/2)" />
                <line number="184" hits="0" branch="false" />
                <line number="186" hits="0" branch="false" />
                <line number="187" hits="0" branch="false" />
                <line number="188" hits="0" branch="false" />
                <line number="190" hits="0" branch="false" />
                <line number="191" hits="0" branch="false" />
                <line number="192" hits="0" branch="false" />
                <line number="194" hits="0" branch="false" />
                <line number="195" hits="0" branch="false" />
                <line number="196" hits="0" branch="false" />
                <line number="202" hits="0" branch="false" />
                <line number="204" hits="0" branch="false" />
                <line number="206" hits="0" branch="false" />
                <line number="209" hits="0" branch="false" />
                <line number="210" hits="0" branch="false" />
                <line number="211" hits="0" branch="false" />
                <line number="212" hits="0" branch="false" />
                <line number="213" hits="0" branch="false" />
                <line number="214" hits="0" branch="false" />
                <line number="215" hits="0" branch="false" />
                <line number="216" hits="0" branch="false" />
                <line number="217" hits="0" branch="false" />
                <line number="218" hits="0" branch="false" />
                <line number="219" hits="0" branch="false" />
                <line number="220" hits="0" branch="false" />
                <line number="221" hits="0" branch="true" condition-coverage="0% (0/2)" />
                <line number="222" hits="0" branch="false" />
                <line number="223" hits="0" branch="false" />
                <line number="224" hits="0" branch="false" />
                <line number="225" hits="0" branch="false" />
                <line number="226" hits="0" branch="false" />
                <line number="227" hits="0" branch="false" />
                <line number="228" hits="0" branch="false" />
                <line number="230" hits="0" branch="false" />
                <line number="233" hits="0" branch="false" />
                <line number="234" hits="0" branch="false" />
                <line number="235" hits="0" branch="false" />
                <line number="236" hits="0" branch="false" />
                <line number="237" hits="0" branch="true" condition-coverage="0% (0/2)" />
                <line number="238" hits="0" branch="false" />
                <line number="239" hits="0" branch="false" />
                <line number="240" hits="0" branch="true" condition-coverage="0% (0/4)" />
                <line number="241" hits="0" branch="false" />
                <line number="242" hits="0" branch="false" />
                <line number="243" hits="0" branch="false" />
                <line number="244" hits="0" branch="false" />
                <line number="245" hits="0" branch="false" />
                <line number="246" hits="0" branch="true" condition-coverage="0% (0/2)" />
                <line number="247" hits="0" branch="false" />
                <line number="248" hits="0" branch="true" condition-coverage="0% (0/2)" />
                <line number="249" hits="0" branch="false" />
                <line number="250" hits="0" branch="false" />
                <line number="251" hits="0" branch="true" condition-coverage="0% (0/2)" />
                <line number="252" hits="0" branch="false" />
                <line number="253" hits="0" branch="true" condition-coverage="0% (0/2)" />
                <line number="254" hits="0" branch="false" />
                <line number="255" hits="0" branch="false" />
                <line number="256" hits="0" branch="true" condition-coverage="0% (0/2)" />
                <line number="257" hits="0" branch="false" />
                <line number="258" hits="0" branch="true" condition-coverage="0% (0/2)" />
                <line number="259" hits="0" branch="false" />
                <line number="261" hits="0" branch="false" />
                <line number="264" hits="0" branch="false" />
                <line number="265" hits="0" branch="false" />
                <line number="266" hits="0" branch="false" />
                <line number="268" hits="0" branch="false" />
                <line number="269" hits="0" branch="false" />
                <line number="270" hits="0" branch="false" />
                <line number="272" hits="0" branch="false" />
                <line number="273" hits="0" branch="true" condition-coverage="0% (0/2)" />
                <line number="274" hits="0" branch="false" />
                <line number="276" hits="0" branch="false" />
                <line number="277" hits="0" branch="false" />
                <line number="278" hits="0" branch="false" />
                <line number="280" hits="0" branch="false" />
                <line number="281" hits="0" branch="false" />
                <line number="282" hits="0" branch="false" />
                <line number="284" hits="0" branch="false" />
                <line number="285" hits="0" branch="false" />
                <line number="286" hits="0" branch="false" />
                <line number="292" hits="0" branch="false" />
                <line number="294" hits="0" branch="false" />
                <line number="296" hits="0" branch="false" />
                <line number="299" hits="0" branch="false" />
                <line number="300" hits="0" branch="false" />
                <line number="301" hits="0" branch="false" />
                <line number="302" hits="0" branch="false" />
                <line number="303" hits="0" branch="false" />
                <line number="304" hits="0" branch="false" />
                <line number="305" hits="0" branch="false" />
                <line number="306" hits="0" branch="false" />
                <line number="307" hits="0" branch="false" />
                <line number="308" hits="0" branch="false" />
                <line number="309" hits="0" branch="false" />
                <line number="310" hits="0" branch="false" />
                <line number="311" hits="0" branch="true" condition-coverage="0% (0/2)" />
                <line number="312" hits="0" branch="false" />
                <line number="313" hits="0" branch="false" />
                <line number="314" hits="0" branch="false" />
                <line number="315" hits="0" branch="false" />
                <line number="316" hits="0" branch="false" />
                <line number="317" hits="0" branch="false" />
                <line number="318" hits="0" branch="false" />
                <line number="320" hits="0" branch="false" />
                <line number="323" hits="0" branch="false" />
                <line number="324" hits="0" branch="false" />
                <line number="325" hits="0" branch="false" />
                <line number="326" hits="0" branch="false" />
                <line number="327" hits="0" branch="true" condition-coverage="0% (0/2)" />
                <line number="328" hits="0" branch="false" />
                <line number="329" hits="0" branch="false" />
                <line number="330" hits="0" branch="true" condition-coverage="0% (0/4)" />
                <line number="331" hits="0" branch="false" />
                <line number="332" hits="0" branch="false" />
                <line number="333" hits="0" branch="false" />
                <line number="334" hits="0" branch="false" />
                <line number="335" hits="0" branch="false" />
                <line number="336" hits="0" branch="true" condition-coverage="0% (0/2)" />
                <line number="337" hits="0" branch="false" />
                <line number="338" hits="0" branch="true" condition-coverage="0% (0/2)" />
                <line number="339" hits="0" branch="false" />
                <line number="340" hits="0" branch="false" />
                <line number="341" hits="0" branch="true" condition-coverage="0% (0/2)" />
                <line number="342" hits="0" branch="false" />
                <line number="343" hits="0" branch="true" condition-coverage="0% (0/2)" />
                <line number="344" hits="0" branch="false" />
                <line number="345" hits="0" branch="false" />
                <line number="346" hits="0" branch="true" condition-coverage="0% (0/2)" />
                <line number="347" hits="0" branch="false" />
                <line number="348" hits="0" branch="true" condition-coverage="0% (0/2)" />
                <line number="349" hits="0" branch="false" />
                <line number="351" hits="0" branch="false" />
                <line number="354" hits="0" branch="false" />
                <line number="355" hits="0" branch="false" />
                <line number="356" hits="0" branch="false" />
                <line number="358" hits="0" branch="false" />
                <line number="359" hits="0" branch="false" />
                <line number="360" hits="0" branch="false" />
                <line number="362" hits="0" branch="false" />
                <line number="363" hits="0" branch="true" condition-coverage="0% (0/2)" />
                <line number="364" hits="0" branch="false" />
                <line number="366" hits="0" branch="false" />
                <line number="367" hits="0" branch="false" />
                <line number="368" hits="0" branch="false" />
                <line number="370" hits="0" branch="false" />
                <line number="371" hits="0" branch="false" />
                <line number="372" hits="0" branch="false" />
                <line number="374" hits="0" branch="false" />
                <line number="375" hits="0" branch="false" />
                <line number="376" hits="0" branch="false" />
                <line number="382" hits="0" branch="false" />
                <line number="384" hits="0" branch="false" />
                <line number="387" hits="0" branch="false" />
                <line number="388" hits="0" branch="false" />
                <line number="389" hits="0" branch="false" />
                <line number="390" hits="0" branch="false" />
                <line number="391" hits="0" branch="false" />
                <line number="392" hits="0" branch="false" />
                <line number="393" hits="0" branch="false" />
                <line number="394" hits="0" branch="false" />
                <line number="395" hits="0" branch="false" />
                <line number="396" hits="0" branch="true" condition-coverage="0% (0/2)" />
                <line number="397" hits="0" branch="false" />
                <line number="398" hits="0" branch="false" />
                <line number="399" hits="0" branch="false" />
                <line number="400" hits="0" branch="false" />
                <line number="401" hits="0" branch="false" />
                <line number="402" hits="0" branch="false" />
                <line number="403" hits="0" branch="false" />
                <line number="405" hits="0" branch="false" />
                <line number="408" hits="0" branch="false" />
                <line number="409" hits="0" branch="false" />
                <line number="410" hits="0" branch="false" />
                <line number="411" hits="0" branch="false" />
                <line number="412" hits="0" branch="true" condition-coverage="0% (0/2)" />
                <line number="413" hits="0" branch="false" />
                <line number="414" hits="0" branch="false" />
                <line number="415" hits="0" branch="true" condition-coverage="0% (0/4)" />
                <line number="416" hits="0" branch="false" />
                <line number="417" hits="0" branch="false" />
                <line number="418" hits="0" branch="false" />
                <line number="419" hits="0" branch="false" />
                <line number="420" hits="0" branch="false" />
                <line number="421" hits="0" branch="true" condition-coverage="0% (0/2)" />
                <line number="422" hits="0" branch="false" />
                <line number="423" hits="0" branch="true" condition-coverage="0% (0/2)" />
                <line number="424" hits="0" branch="false" />
                <line number="425" hits="0" branch="false" />
                <line number="426" hits="0" branch="true" condition-coverage="0% (0/2)" />
                <line number="427" hits="0" branch="false" />
                <line number="428" hits="0" branch="true" condition-coverage="0% (0/2)" />
                <line number="429" hits="0" branch="false" />
                <line number="431" hits="0" branch="false" />
                <line number="434" hits="0" branch="false" />
                <line number="435" hits="0" branch="false" />
                <line number="436" hits="0" branch="false" />
                <line number="438" hits="0" branch="false" />
                <line number="439" hits="0" branch="false" />
                <line number="440" hits="0" branch="false" />
                <line number="442" hits="0" branch="false" />
                <line number="443" hits="0" branch="true" condition-coverage="0% (0/2)" />
                <line number="444" hits="0" branch="false" />
                <line number="446" hits="0" branch="false" />
                <line number="447" hits="0" branch="false" />
                <line number="448" hits="0" branch="false" />
                <line number="450" hits="0" branch="false" />
                <line number="451" hits="0" branch="false" />
                <line number="452" hits="0" branch="false" />
                <line number="454" hits="0" branch="false" />
                <line number="455" hits="0" branch="false" />
                <line number="456" hits="0" branch="false" />
                <line number="462" hits="0" branch="false" />
                <line number="464" hits="0" branch="false" />
                <line number="466" hits="0" branch="false" />
                <line number="469" hits="0" branch="false" />
                <line number="470" hits="0" branch="false" />
                <line number="471" hits="0" branch="false" />
                <line number="472" hits="0" branch="false" />
                <line number="473" hits="0" branch="false" />
                <line number="474" hits="0" branch="false" />
                <line number="475" hits="0" branch="false" />
                <line number="476" hits="0" branch="false" />
                <line number="477" hits="0" branch="false" />
                <line number="478" hits="0" branch="false" />
                <line number="479" hits="0" branch="false" />
                <line number="480" hits="0" branch="false" />
                <line number="481" hits="0" branch="false" />
                <line number="482" hits="0" branch="true" condition-coverage="0% (0/2)" />
                <line number="483" hits="0" branch="false" />
                <line number="484" hits="0" branch="false" />
                <line number="485" hits="0" branch="false" />
                <line number="486" hits="0" branch="false" />
                <line number="487" hits="0" branch="false" />
                <line number="488" hits="0" branch="false" />
                <line number="489" hits="0" branch="false" />
                <line number="491" hits="0" branch="false" />
                <line number="494" hits="0" branch="false" />
                <line number="495" hits="0" branch="false" />
                <line number="496" hits="0" branch="false" />
                <line number="497" hits="0" branch="false" />
                <line number="498" hits="0" branch="true" condition-coverage="0% (0/2)" />
                <line number="499" hits="0" branch="false" />
                <line number="500" hits="0" branch="false" />
                <line number="501" hits="0" branch="true" condition-coverage="0% (0/4)" />
                <line number="502" hits="0" branch="false" />
                <line number="503" hits="0" branch="false" />
                <line number="504" hits="0" branch="false" />
                <line number="505" hits="0" branch="false" />
                <line number="506" hits="0" branch="false" />
                <line number="507" hits="0" branch="true" condition-coverage="0% (0/2)" />
                <line number="508" hits="0" branch="false" />
                <line number="509" hits="0" branch="true" condition-coverage="0% (0/4)" />
                <line number="510" hits="0" branch="false" />
                <line number="511" hits="0" branch="false" />
                <line number="512" hits="0" branch="false" />
                <line number="513" hits="0" branch="false" />
                <line number="514" hits="0" branch="true" condition-coverage="0% (0/2)" />
                <line number="515" hits="0" branch="false" />
                <line number="516" hits="0" branch="false" />
                <line number="517" hits="0" branch="true" condition-coverage="0% (0/2)" />
                <line number="518" hits="0" branch="false" />
                <line number="519" hits="0" branch="true" condition-coverage="0% (0/2)" />
                <line number="520" hits="0" branch="false" />
                <line number="522" hits="0" branch="false" />
                <line number="525" hits="0" branch="false" />
                <line number="526" hits="0" branch="false" />
                <line number="527" hits="0" branch="false" />
                <line number="529" hits="0" branch="false" />
                <line number="530" hits="0" branch="false" />
                <line number="531" hits="0" branch="false" />
                <line number="533" hits="0" branch="false" />
                <line number="534" hits="0" branch="true" condition-coverage="0% (0/2)" />
                <line number="535" hits="0" branch="false" />
                <line number="537" hits="0" branch="false" />
                <line number="538" hits="0" branch="false" />
                <line number="539" hits="0" branch="false" />
                <line number="541" hits="0" branch="false" />
                <line number="542" hits="0" branch="false" />
                <line number="543" hits="0" branch="false" />
                <line number="545" hits="0" branch="false" />
                <line number="546" hits="0" branch="false" />
                <line number="547" hits="0" branch="false" />
                <line number="553" hits="0" branch="false" />
                <line number="555" hits="0" branch="false" />
                <line number="557" hits="0" branch="false" />
                <line number="559" hits="0" branch="false" />
                <line number="562" hits="0" branch="false" />
                <line number="563" hits="0" branch="false" />
                <line number="564" hits="0" branch="false" />
                <line number="565" hits="0" branch="false" />
                <line number="566" hits="0" branch="false" />
                <line number="567" hits="0" branch="false" />
                <line number="568" hits="0" branch="false" />
                <line number="569" hits="0" branch="false" />
                <line number="570" hits="0" branch="false" />
                <line number="571" hits="0" branch="false" />
                <line number="572" hits="0" branch="false" />
                <line number="573" hits="0" branch="false" />
                <line number="574" hits="0" branch="false" />
                <line number="575" hits="0" branch="false" />
                <line number="576" hits="0" branch="false" />
                <line number="577" hits="0" branch="true" condition-coverage="0% (0/2)" />
                <line number="578" hits="0" branch="false" />
                <line number="579" hits="0" branch="false" />
                <line number="580" hits="0" branch="false" />
                <line number="581" hits="0" branch="false" />
                <line number="582" hits="0" branch="false" />
                <line number="583" hits="0" branch="false" />
                <line number="584" hits="0" branch="false" />
                <line number="586" hits="0" branch="false" />
                <line number="589" hits="0" branch="false" />
                <line number="590" hits="0" branch="false" />
                <line number="591" hits="0" branch="false" />
                <line number="592" hits="0" branch="false" />
                <line number="593" hits="0" branch="true" condition-coverage="0% (0/2)" />
                <line number="594" hits="0" branch="false" />
                <line number="595" hits="0" branch="false" />
                <line number="596" hits="0" branch="true" condition-coverage="0% (0/4)" />
                <line number="597" hits="0" branch="false" />
                <line number="598" hits="0" branch="false" />
                <line number="599" hits="0" branch="false" />
                <line number="600" hits="0" branch="false" />
                <line number="601" hits="0" branch="false" />
                <line number="602" hits="0" branch="true" condition-coverage="0% (0/2)" />
                <line number="603" hits="0" branch="false" />
                <line number="604" hits="0" branch="true" condition-coverage="0% (0/2)" />
                <line number="605" hits="0" branch="false" />
                <line number="606" hits="0" branch="false" />
                <line number="607" hits="0" branch="true" condition-coverage="0% (0/2)" />
                <line number="608" hits="0" branch="false" />
                <line number="609" hits="0" branch="true" condition-coverage="0% (0/2)" />
                <line number="610" hits="0" branch="false" />
                <line number="611" hits="0" branch="false" />
                <line number="612" hits="0" branch="true" condition-coverage="0% (0/2)" />
                <line number="613" hits="0" branch="false" />
                <line number="614" hits="0" branch="false" />
                <line number="615" hits="0" branch="false" />
                <line number="616" hits="0" branch="true" condition-coverage="0% (0/2)" />
                <line number="617" hits="0" branch="false" />
                <line number="618" hits="0" branch="true" condition-coverage="0% (0/2)" />
                <line number="619" hits="0" branch="false" />
                <line number="621" hits="0" branch="false" />
                <line number="624" hits="0" branch="false" />
                <line number="625" hits="0" branch="false" />
                <line number="626" hits="0" branch="false" />
                <line number="628" hits="0" branch="false" />
                <line number="629" hits="0" branch="false" />
                <line number="630" hits="0" branch="false" />
                <line number="632" hits="0" branch="false" />
                <line number="633" hits="0" branch="true" condition-coverage="0% (0/2)" />
                <line number="634" hits="0" branch="false" />
                <line number="636" hits="0" branch="false" />
                <line number="637" hits="0" branch="false" />
                <line number="638" hits="0" branch="false" />
                <line number="640" hits="0" branch="false" />
                <line number="641" hits="0" branch="false" />
                <line number="642" hits="0" branch="false" />
                <line number="644" hits="0" branch="false" />
                <line number="645" hits="0" branch="false" />
                <line number="646" hits="0" branch="false" />
                <line number="652" hits="0" branch="false" />
                <line number="654" hits="0" branch="false" />
                <line number="656" hits="0" branch="false" />
                <line number="658" hits="0" branch="false" />
                <line number="661" hits="0" branch="false" />
                <line number="662" hits="0" branch="false" />
                <line number="663" hits="0" branch="false" />
                <line number="664" hits="0" branch="false" />
                <line number="665" hits="0" branch="false" />
                <line number="666" hits="0" branch="false" />
                <line number="667" hits="0" branch="false" />
                <line number="668" hits="0" branch="false" />
                <line number="669" hits="0" branch="false" />
                <line number="670" hits="0" branch="false" />
                <line number="671" hits="0" branch="false" />
                <line number="672" hits="0" branch="false" />
                <line number="673" hits="0" branch="false" />
                <line number="674" hits="0" branch="false" />
                <line number="675" hits="0" branch="false" />
                <line number="676" hits="0" branch="true" condition-coverage="0% (0/2)" />
                <line number="677" hits="0" branch="false" />
                <line number="678" hits="0" branch="false" />
                <line number="679" hits="0" branch="false" />
                <line number="680" hits="0" branch="false" />
                <line number="681" hits="0" branch="false" />
                <line number="682" hits="0" branch="false" />
                <line number="683" hits="0" branch="false" />
                <line number="685" hits="0" branch="false" />
                <line number="688" hits="0" branch="false" />
                <line number="689" hits="0" branch="false" />
                <line number="690" hits="0" branch="false" />
                <line number="691" hits="0" branch="false" />
                <line number="692" hits="0" branch="true" condition-coverage="0% (0/2)" />
                <line number="693" hits="0" branch="false" />
                <line number="694" hits="0" branch="false" />
                <line number="695" hits="0" branch="true" condition-coverage="0% (0/4)" />
                <line number="696" hits="0" branch="false" />
                <line number="697" hits="0" branch="false" />
                <line number="698" hits="0" branch="false" />
                <line number="699" hits="0" branch="false" />
                <line number="700" hits="0" branch="false" />
                <line number="701" hits="0" branch="true" condition-coverage="0% (0/2)" />
                <line number="702" hits="0" branch="false" />
                <line number="703" hits="0" branch="true" condition-coverage="0% (0/2)" />
                <line number="704" hits="0" branch="false" />
                <line number="705" hits="0" branch="false" />
                <line number="706" hits="0" branch="true" condition-coverage="0% (0/2)" />
                <line number="707" hits="0" branch="false" />
                <line number="708" hits="0" branch="true" condition-coverage="0% (0/2)" />
                <line number="709" hits="0" branch="false" />
                <line number="710" hits="0" branch="false" />
                <line number="711" hits="0" branch="true" condition-coverage="0% (0/2)" />
                <line number="712" hits="0" branch="false" />
                <line number="713" hits="0" branch="false" />
                <line number="714" hits="0" branch="false" />
                <line number="715" hits="0" branch="true" condition-coverage="0% (0/2)" />
                <line number="716" hits="0" branch="false" />
                <line number="717" hits="0" branch="true" condition-coverage="0% (0/2)" />
                <line number="718" hits="0" branch="false" />
                <line number="720" hits="0" branch="false" />
                <line number="723" hits="0" branch="false" />
                <line number="724" hits="0" branch="false" />
                <line number="725" hits="0" branch="false" />
                <line number="727" hits="0" branch="false" />
                <line number="728" hits="0" branch="false" />
                <line number="729" hits="0" branch="false" />
                <line number="731" hits="0" branch="false" />
                <line number="732" hits="0" branch="true" condition-coverage="0% (0/2)" />
                <line number="733" hits="0" branch="false" />
                <line number="735" hits="0" branch="false" />
                <line number="736" hits="0" branch="false" />
                <line number="737" hits="0" branch="false" />
                <line number="739" hits="0" branch="false" />
                <line number="740" hits="0" branch="false" />
                <line number="741" hits="0" branch="false" />
                <line number="743" hits="0" branch="false" />
                <line number="744" hits="0" branch="false" />
                <line number="745" hits="0" branch="false" />
                <line number="751" hits="0" branch="false" />
                <line number="753" hits="0" branch="false" />
                <line number="755" hits="0" branch="false" />
                <line number="757" hits="0" branch="false" />
                <line number="759" hits="0" branch="false" />
                <line number="762" hits="0" branch="false" />
                <line number="763" hits="0" branch="false" />
                <line number="764" hits="0" branch="false" />
                <line number="765" hits="0" branch="false" />
                <line number="766" hits="0" branch="false" />
                <line number="767" hits="0" branch="false" />
                <line number="768" hits="0" branch="false" />
                <line number="769" hits="0" branch="false" />
                <line number="770" hits="0" branch="false" />
                <line number="771" hits="0" branch="false" />
                <line number="772" hits="0" branch="false" />
                <line number="773" hits="0" branch="false" />
                <line number="774" hits="0" branch="false" />
                <line number="775" hits="0" branch="false" />
                <line number="776" hits="0" branch="false" />
                <line number="777" hits="0" branch="false" />
                <line number="778" hits="0" branch="false" />
                <line number="779" hits="0" branch="false" />
                <line number="780" hits="0" branch="true" condition-coverage="0% (0/2)" />
                <line number="781" hits="0" branch="false" />
                <line number="782" hits="0" branch="false" />
                <line number="783" hits="0" branch="false" />
                <line number="784" hits="0" branch="false" />
                <line number="785" hits="0" branch="false" />
                <line number="786" hits="0" branch="false" />
                <line number="787" hits="0" branch="false" />
                <line number="789" hits="0" branch="false" />
                <line number="792" hits="0" branch="false" />
                <line number="793" hits="0" branch="false" />
                <line number="794" hits="0" branch="false" />
                <line number="795" hits="0" branch="false" />
                <line number="796" hits="0" branch="true" condition-coverage="0% (0/2)" />
                <line number="797" hits="0" branch="false" />
                <line number="798" hits="0" branch="false" />
                <line number="799" hits="0" branch="true" condition-coverage="0% (0/4)" />
                <line number="800" hits="0" branch="false" />
                <line number="801" hits="0" branch="false" />
                <line number="802" hits="0" branch="false" />
                <line number="803" hits="0" branch="false" />
                <line number="804" hits="0" branch="false" />
                <line number="805" hits="0" branch="true" condition-coverage="0% (0/2)" />
                <line number="806" hits="0" branch="false" />
                <line number="807" hits="0" branch="true" condition-coverage="0% (0/2)" />
                <line number="808" hits="0" branch="false" />
                <line number="809" hits="0" branch="false" />
                <line number="810" hits="0" branch="true" condition-coverage="0% (0/2)" />
                <line number="811" hits="0" branch="false" />
                <line number="812" hits="0" branch="true" condition-coverage="0% (0/2)" />
                <line number="813" hits="0" branch="false" />
                <line number="814" hits="0" branch="false" />
                <line number="815" hits="0" branch="true" condition-coverage="0% (0/2)" />
                <line number="816" hits="0" branch="false" />
                <line number="817" hits="0" branch="true" condition-coverage="0% (0/2)" />
                <line number="818" hits="0" branch="false" />
                <line number="819" hits="0" branch="false" />
                <line number="820" hits="0" branch="true" condition-coverage="0% (0/2)" />
                <line number="821" hits="0" branch="false" />
                <line number="822" hits="0" branch="false" />
                <line number="823" hits="0" branch="false" />
                <line number="824" hits="0" branch="true" condition-coverage="0% (0/2)" />
                <line number="825" hits="0" branch="false" />
                <line number="826" hits="0" branch="true" condition-coverage="0% (0/2)" />
                <line number="827" hits="0" branch="false" />
                <line number="829" hits="0" branch="false" />
                <line number="832" hits="0" branch="false" />
                <line number="833" hits="0" branch="false" />
                <line number="834" hits="0" branch="false" />
                <line number="836" hits="0" branch="false" />
                <line number="837" hits="0" branch="false" />
                <line number="838" hits="0" branch="false" />
                <line number="840" hits="0" branch="false" />
                <line number="841" hits="0" branch="true" condition-coverage="0% (0/2)" />
                <line number="842" hits="0" branch="false" />
                <line number="844" hits="0" branch="false" />
                <line number="845" hits="0" branch="false" />
                <line number="846" hits="0" branch="false" />
                <line number="848" hits="0" branch="false" />
                <line number="849" hits="0" branch="false" />
                <line number="850" hits="0" branch="false" />
                <line number="852" hits="0" branch="false" />
                <line number="853" hits="0" branch="false" />
                <line number="854" hits="0" branch="false" />
                <line number="860" hits="0" branch="false" />
                <line number="862" hits="0" branch="false" />
                <line number="864" hits="0" branch="false" />
                <line number="867" hits="0" branch="false" />
                <line number="868" hits="0" branch="false" />
                <line number="869" hits="0" branch="false" />
                <line number="870" hits="0" branch="false" />
                <line number="871" hits="0" branch="false" />
                <line number="872" hits="0" branch="false" />
[...]
            <line number="386" hits="0" branch="false" />
            <line number="387" hits="0" branch="false" />
          </lines>
        </class>
        <class name="BiatecTokensApi.Services.ERC20TokenService" filename="/home/runner/work/BiatecTokensApi/BiatecTokensApi/BiatecTokensApi/Services/ERC20TokenService.cs" line-rate="0.5072463768115942" branch-rate="0.5606060606060606" complexity="66">
          <methods>
            <method name="GetBlockchainConfig" signature="(System.Int32)" line-rate="1" branch-rate="1" complexity="2">
              <lines>
                <line number="83" hits="2" branch="false" />
                <line number="85" hits="4" branch="false" />
                <line number="86" hits="2" branch="true" condition-coverage="100% (2/2)" />
                <line number="87" hits="1" branch="false" />
                <line number="88" hits="1" branch="false" />
                <line number="90" hits="1" branch="false" />
                <line number="91" hits="1" branch="false" />
              </lines>
            </method>
            <method name="ValidateRequest" signature="(BiatecTokensApi.Models.ERC20.Request.ERC20TokenDeploymentRequest,BiatecTokensApi.Models.TokenType)" line-rate="0.9090909090909091" branch-rate="0.90625" complexity="32">
              <lines>
                <line number="100" hits="23" branch="false" />
                <line number="101" hits="23" branch="true" condition-coverage="100% (4/4)" />
                <line number="104" hits="18" branch="false" />
                <line number="105" hits="18" branch="true" condition-coverage="100% (2/2)" />
                <line number="106" hits="1" branch="false" />
                <line number="107" hits="1" branch="false" />
                <line number="109" hits="17" branch="true" condition-coverage="100% (2/2)" />
                <line number="110" hits="1" branch="false" />
                <line number="111" hits="1" branch="false" />
                <line number="113" hits="16" branch="true" condition-coverage="100% (2/2)" />
                <line number="114" hits="1" branch="false" />
                <line number="115" hits="1" branch="false" />
                <line number="117" hits="15" branch="true" condition-coverage="100% (2/2)" />
                <line number="118" hits="2" branch="false" />
                <line number="119" hits="2" branch="false" />
                <line number="121" hits="13" branch="true" condition-coverage="100% (4/4)" />
                <line number="122" hits="2" branch="false" />
                <line number="123" hits="2" branch="false" />
                <line number="125" hits="11" branch="true" condition-coverage="100% (2/2)" />
                <line number="126" hits="2" branch="false" />
                <line number="127" hits="2" branch="false" />
                <line number="129" hits="9" branch="true" condition-coverage="100% (2/2)" />
                <line number="130" hits="1" branch="false" />
                <line number="131" hits="1" branch="false" />
                <line number="134" hits="8" branch="false" />
                <line number="136" hits="4" branch="false" />
                <line number="137" hits="4" branch="true" condition-coverage="100% (2/2)" />
                <line number="138" hits="1" branch="false" />
                <line number="139" hits="1" branch="false" />
                <line number="141" hits="3" branch="true" condition-coverage="100% (2/2)" />
                <line number="142" hits="1" branch="false" />
                <line number="143" hits="1" branch="false" />
                <line number="145" hits="2" branch="true" condition-coverage="50% (1/2)" />
                <line number="146" hits="0" branch="false" />
                <line number="147" hits="0" branch="false" />
                <line number="149" hits="2" branch="true" condition-coverage="100% (2/2)" />
                <line number="150" hits="1" branch="false" />
                <line number="151" hits="1" branch="false" />
                <line number="153" hits="1" branch="true" condition-coverage="50% (2/4)" />
                <line number="154" hits="0" branch="false" />
                <line number="155" hits="0" branch="false" />
                <line number="158" hits="1" branch="false" />
                <line number="160" hits="1" branch="false" />
                <line number="162" hits="9" branch="false" />
              </lines>
            </method>
            <method name=".ctor" signature="(Microsoft.Extensions.Options.IOptionsMonitor`1&lt;BiatecTokensApi.Configuration.EVMChains&gt;,Microsoft.Extensions.Options.IOptionsMonitor`1&lt;BiatecTokensApi.Models.AppConfiguration&gt;,Microsoft.Extensions.Logging.ILogger`1&lt;BiatecTokensApi.Services.ERC20TokenService&gt;)" line-rate="1" branch-rate="0.5" complexity="12">
              <lines>
                <line number="53" hits="26" branch="false" />
                <line number="54" hits="26" branch="false" />
                <line number="55" hits="26" branch="false" />
                <line number="56" hits="26" branch="false" />
                <line number="57" hits="26" branch="false" />
                <line number="58" hits="26" branch="false" />
                <line number="59" hits="26" branch="false" />
                <line number="60" hits="26" branch="false" />
                <line number="61" hits="26" branch="false" />
                <line number="64" hits="26" branch="false" />
                <line number="65" hits="26" branch="false" />
                <line number="66" hits="26" branch="false" />
                <line number="67" hits="26" branch="true" condition-coverage="50% (1/2)" />
                <line number="68" hits="26" branch="true" condition-coverage="50% (2/4)" />
                <line number="71" hits="26" branch="false" />
                <line number="72" hits="26" branch="false" />
                <line number="73" hits="26" branch="false" />
                <line number="74" hits="26" branch="true" condition-coverage="50% (1/2)" />
                <line number="75" hits="26" branch="true" condition-coverage="50% (2/4)" />
                <line number="77" hits="26" branch="false" />
                <line number="79" hits="26" branch="false" />
              </lines>
            </method>
            <method name="Abi" signature="()" line-rate="1" branch-rate="1" complexity="NaN">
              <lines>
                <line number="271" hits="104" branch="false" />
              </lines>
            </method>
            <method name="Bytecode" signature="()" line-rate="1" branch-rate="1" complexity="NaN">
              <lines>
                <line number="274" hits="104" branch="false" />
              </lines>
            </method>
            <method name="DeployERC20TokenAsync" signature="()" line-rate="0" branch-rate="0" complexity="20">
              <lines>
                <line number="178" hits="0" branch="false" />
                <line number="179" hits="0" branch="false" />
                <line number="182" hits="0" branch="false" />
                <line number="183" hits="0" branch="false" />
                <line number="185" hits="0" branch="false" />
                <line number="187" hits="0" branch="false" />
                <line number="190" hits="0" branch="false" />
                <line number="193" hits="0" branch="false" />
                <line number="196" hits="0" branch="false" />
                <line number="197" hits="0" branch="false" />
                <line number="200" hits="0" branch="true" condition-coverage="0% (0/2)" />
                <line number="201" hits="0" branch="false" />
                <line number="202" hits="0" branch="false" />
                <line number="204" hits="0" branch="false" />
                <line number="205" hits="0" branch="false" />
                <line number="210" hits="0" branch="true" condition-coverage="0% (0/2)" />
                <line number="211" hits="0" branch="true" condition-coverage="0% (0/2)" />
                <line number="213" hits="0" branch="false" />
                <line number="214" hits="0" branch="false" />
                <line number="215" hits="0" branch="false" />
                <line number="216" hits="0" branch="false" />
                <line number="217" hits="0" branch="false" />
                <line number="218" hits="0" branch="false" />
                <line number="219" hits="0" branch="false" />
                <line number="220" hits="0" branch="false" />
                <line number="221" hits="0" branch="false" />
                <line number="222" hits="0" branch="false" />
                <line number="223" hits="0" branch="false" />
                <line number="224" hits="0" branch="false" />
                <line number="227" hits="0" branch="true" condition-coverage="0% (0/10)" />
                <line number="228" hits="0" branch="false" />
                <line number="229" hits="0" branch="false" />
                <line number="230" hits="0" branch="false" />
                <line number="231" hits="0" branch="false" />
                <line number="232" hits="0" branch="false" />
                <line number="233" hits="0" branch="false" />
                <line number="234" hits="0" branch="false" />
                <line number="236" hits="0" branch="false" />
                <line number="237" hits="0" branch="false" />
                <line number="238" hits="0" branch="false" />
                <line number="240" hits="0" branch="false" />
                <line number="241" hits="0" branch="true" condition-coverage="0% (0/4)" />
                <line number="242" hits="0" branch="false" />
                <line number="243" hits="0" branch="false" />
                <line number="244" hits="0" branch="false" />
                <line number="245" hits="0" branch="false" />
                <line number="246" hits="0" branch="false" />
                <line number="247" hits="0" branch="false" />
                <line number="248" hits="0" branch="false" />
                <line number="249" hits="0" branch="false" />
                <line number="250" hits="0" branch="false" />
                <line number="251" hits="0" branch="false" />
                <line number="252" hits="0" branch="false" />
                <line number="253" hits="0" branch="false" />
                <line number="254" hits="0" branch="false" />
                <line number="255" hits="0" branch="false" />
                <line number="256" hits="0" branch="false" />
                <line number="257" hits="0" branch="false" />
                <line number="258" hits="0" branch="false" />
                <line number="259" hits="0" branch="false" />
                <line number="260" hits="0" branch="false" />
                <line number="261" hits="0" branch="false" />
                <line number="263" hits="0" branch="false" />
                <line number="264" hits="0" branch="false" />
              </lines>
            </method>
          </methods>
          <lines>
            <line number="53" hits="26" branch="false" />
            <line number="54" hits="26" branch="false" />
            <line number="55" hits="26" branch="false" />
            <line number="56" hits="26" branch="false" />
            <line number="57" hits="26" branch="false" />
            <line number="58" hits="26" branch="false" />
            <line number="59" hits="26" branch="false" />
            <line number="60" hits="26" branch="false" />
            <line number="61" hits="26" branch="false" />
            <line number="64" hits="26" branch="false" />
            <line number="65" hits="26" branch="false" />
            <line number="66" hits="26" branch="false" />
            <line number="67" hits="26" branch="true" condition-coverage="50% (1/2)" />
            <line number="68" hits="26" branch="true" condition-coverage="50% (2/4)" />
            <line number="71" hits="26" branch="false" />
            <line number="72" hits="26" branch="false" />
            <line number="73" hits="26" branch="false" />
            <line number="74" hits="26" branch="true" condition-coverage="50% (1/2)" />
            <line number="75" hits="26" branch="true" condition-coverage="50% (2/4)" />
            <line number="77" hits="26" branch="false" />
            <line number="79" hits="26" branch="false" />
            <line number="83" hits="2" branch="false" />
            <line number="85" hits="4" branch="false" />
            <line number="86" hits="2" branch="true" condition-coverage="100% (2/2)" />
            <line number="87" hits="1" branch="false" />
            <line number="88" hits="1" branch="false" />
            <line number="90" hits="1" branch="false" />
            <line number="91" hits="1" branch="false" />
            <line number="100" hits="23" branch="false" />
            <line number="101" hits="23" branch="true" condition-coverage="100% (4/4)" />
            <line number="104" hits="18" branch="false" />
            <line number="105" hits="18" branch="true" condition-coverage="100% (2/2)" />
            <line number="106" hits="1" branch="false" />
            <line number="107" hits="1" branch="false" />
            <line number="109" hits="17" branch="true" condition-coverage="100% (2/2)" />
            <line number="110" hits="1" branch="false" />
            <line number="111" hits="1" branch="false" />
            <line number="113" hits="16" branch="true" condition-coverage="100% (2/2)" />
            <line number="114" hits="1" branch="false" />
            <line number="115" hits="1" branch="false" />
            <line number="117" hits="15" branch="true" condition-coverage="100% (2/2)" />
            <line number="118" hits="2" branch="false" />
            <line number="119" hits="2" branch="false" />
            <line number="121" hits="13" branch="true" condition-coverage="100% (4/4)" />
            <line number="122" hits="2" branch="false" />
            <line number="123" hits="2" branch="false" />
            <line number="125" hits="11" branch="true" condition-coverage="100% (2/2)" />
            <line number="126" hits="2" branch="false" />
            <line number="127" hits="2" branch="false" />
            <line number="129" hits="9" branch="true" condition-coverage="100% (2/2)" />
            <line number="130" hits="1" branch="false" />
            <line number="131" hits="1" branch="false" />
            <line number="134" hits="8" branch="false" />
            <line number="136" hits="4" branch="false" />
            <line number="137" hits="4" branch="true" condition-coverage="100% (2/2)" />
            <line number="138" hits="1" branch="false" />
            <line number="139" hits="1" branch="false" />
            <line number="141" hits="3" branch="true" condition-coverage="100% (2/2)" />
            <line number="142" hits="1" branch="false" />
            <line number="143" hits="1" branch="false" />
            <line number="145" hits="2" branch="true" condition-coverage="50% (1/2)" />
            <line number="146" hits="0" branch="false" />
            <line number="147" hits="0" branch="false" />
            <line number="149" hits="2" branch="true" condition-coverage="100% (2/2)" />
            <line number="150" hits="1" branch="false" />
            <line number="151" hits="1" branch="false" />
            <line number="153" hits="1" branch="true" condition-coverage="50% (2/4)" />
            <line number="154" hits="0" branch="false" />
            <line number="155" hits="0" branch="false" />
            <line number="158" hits="1" branch="false" />
            <line number="160" hits="1" branch="false" />
            <line number="162" hits="9" branch="false" />
            <line number="178" hits="0" branch="false" />
            <line number="179" hits="0" branch="false" />
            <line number="182" hits="0" branch="false" />
            <line number="183" hits="0" branch="false" />
            <line number="185" hits="0" branch="false" />
            <line number="187" hits="0" branch="false" />
            <line number="190" hits="0" branch="false" />
            <line number="193" hits="0" branch="false" />
            <line number="196" hits="0" branch="false" />
            <line number="197" hits="0" branch="false" />
            <line number="200" hits="0" branch="true" condition-coverage="0% (0/2)" />
            <line number="201" hits="0" branch="false" />
            <line number="202" hits="0" branch="false" />
            <line number="204" hits="0" branch="false" />
            <line number="205" hits="0" branch="false" />
            <line number="210" hits="0" branch="true" condition-coverage="0% (0/2)" />
            <line number="211" hits="0" branch="true" condition-coverage="0% (0/2)" />
            <line number="213" hits="0" branch="false" />
            <line number="214" hits="0" branch="false" />
            <line number="215" hits="0" branch="false" />
            <line number="216" hits="0" branch="false" />
            <line number="217" hits="0" branch="false" />
            <line number="218" hits="0" branch="false" />
            <line number="219" hits="0" branch="false" />
            <line number="220" hits="0" branch="false" />
            <line number="221" hits="0" branch="false" />
            <line number="222" hits="0" branch="false" />
            <line number="223" hits="0" branch="false" />
            <line number="224" hits="0" branch="false" />
            <line number="227" hits="0" branch="true" condition-coverage="0% (0/10)" />
            <line number="228" hits="0" branch="false" />
            <line number="229" hits="0" branch="false" />
            <line number="230" hits="0" branch="false" />
            <line number="231" hits="0" branch="false" />
            <line number="232" hits="0" branch="false" />
            <line number="233" hits="0" branch="false" />
            <line number="234" hits="0" branch="false" />
            <line number="236" hits="0" branch="false" />
            <line number="237" hits="0" branch="false" />
            <line number="238" hits="0" branch="false" />
            <line number="240" hits="0" branch="false" />
            <line number="241" hits="0" branch="true" condition-coverage="0% (0/4)" />
            <line number="242" hits="0" branch="false" />
            <line number="243" hits="0" branch="false" />
            <line number="244" hits="0" branch="false" />
            <line number="245" hits="0" branch="false" />
            <line number="246" hits="0" branch="false" />
            <line number="247" hits="0" branch="false" />
            <line number="248" hits="0" branch="false" />
            <line number="249" hits="0" branch="false" />
            <line number="250" hits="0" branch="false" />
            <line number="251" hits="0" branch="false" />
            <line number="252" hits="0" branch="false" />
            <line number="253" hits="0" branch="false" />
            <line number="254" hits="0" branch="false" />
            <line number="255" hits="0" branch="false" />
            <line number="256" hits="0" branch="false" />
            <line number="257" hits="0" branch="false" />
            <line number="258" hits="0" branch="false" />
            <line number="259" hits="0" branch="false" />
            <line number="260" hits="0" branch="false" />
            <line number="261" hits="0" branch="false" />
            <line number="263" hits="0" branch="false" />
            <line number="264" hits="0" branch="false" />
            <line number="271" hits="104" branch="false" />
            <line number="274" hits="104" branch="false" />
          </lines>
        </class>
      </classes>
    </package>
  </packages>
</coverage>